INFO: [VRFC 10-2263] Analyzing Verilog file "C:/Users/Administrator/Desktop/tjx_riscv_2021_07_07/mini-rv-1_-design/ex2/lab2/lab2.srcs/sources_1/new/param.vh" into library xil_defaultlib
INFO: [VRFC 10-2263] Analyzing Verilog file "C:/Users/Administrator/Desktop/tjx_riscv_2021_07_07/mini-rv-1_-design/ex2/lab2/lab2.srcs/sources_1/ip/dram/sim/dram.v" into library xil_defaultlib
INFO: [VRFC 10-311] analyzing module dram
INFO: [VRFC 10-2263] Analyzing Verilog file "C:/Users/Administrator/Desktop/tjx_riscv_2021_07_07/mini-rv-1_-design/ex2/lab2/lab2.srcs/sources_1/ip/prgrom/sim/prgrom.v" into library xil_defaultlib
INFO: [VRFC 10-311] analyzing module prgrom
INFO: [VRFC 10-2263] Analyzing Verilog file "C:/Users/Administrator/Desktop/tjx_riscv_2021_07_07/mini-rv-1_-design/ex2/lab2/lab2.srcs/sources_1/new/alu.v" into library xil_defaultlib
INFO: [VRFC 10-311] analyzing module alu
INFO: [VRFC 10-2263] Analyzing Verilog file "C:/Users/Administrator/Desktop/tjx_riscv_2021_07_07/mini-rv-1_-design/ex2/lab2/lab2.srcs/sources_1/new/alu_add.v" into library xil_defaultlib
INFO: [VRFC 10-311] analyzing module alu_add
INFO: [VRFC 10-2263] Analyzing Verilog file "C:/Users/Administrator/Desktop/tjx_riscv_2021_07_07/mini-rv-1_-design/ex2/lab2/lab2.srcs/sources_1/new/alu_and.v" into library xil_defaultlib
INFO: [VRFC 10-311] analyzing module alu_and
INFO: [VRFC 10-2263] Analyzing Verilog file "C:/Users/Administrator/Desktop/tjx_riscv_2021_07_07/mini-rv-1_-design/ex2/lab2/lab2.srcs/sources_1/new/alu_neg_num.v" into library xil_defaultlib
INFO: [VRFC 10-311] analyzing module alu_neg_num
INFO: [VRFC 10-2263] Analyzing Verilog file "C:/Users/Administrator/Desktop/tjx_riscv_2021_07_07/mini-rv-1_-design/ex2/lab2/lab2.srcs/sources_1/new/alu_sll.v" into library xil_defaultlib
INFO: [VRFC 10-311] analyzing module alu_sll
INFO: [VRFC 10-2263] Analyzing Verilog file "C:/Users/Administrator/Desktop/tjx_riscv_2021_07_07/mini-rv-1_-design/ex2/lab2/lab2.srcs/sources_1/new/alu_sra.v" into library xil_defaultlib
INFO: [VRFC 10-311] analyzing module alu_sra
INFO: [VRFC 10-2263] Analyzing Verilog file "C:/Users/Administrator/Desktop/tjx_riscv_2021_07_07/mini-rv-1_-design/ex2/lab2/lab2.srcs/sources_1/new/alu_srl.v" into library xil_defaultlib
INFO: [VRFC 10-311] analyzing module alu_srl
INFO: [VRFC 10-2263] Analyzing Verilog file "C:/Users/Administrator/Desktop/tjx_riscv_2021_07_07/mini-rv-1_-design/ex2/lab2/lab2.srcs/sources_1/new/alu_sub.v" into library xil_defaultlib
INFO: [VRFC 10-311] analyzing module alu_sub
INFO: [VRFC 10-2263] Analyzing Verilog file "C:/Users/Administrator/Desktop/tjx_riscv_2021_07_07/mini-rv-1_-design/ex2/lab2/lab2.srcs/sources_1/new/branch.v" into library xil_defaultlib
INFO: [VRFC 10-311] analyzing module branch
INFO: [VRFC 10-2263] Analyzing Verilog file "C:/Users/Administrator/Desktop/tjx_riscv_2021_07_07/mini-rv-1_-design/ex2/lab2/lab2.srcs/sources_1/new/control.v" into library xil_defaultlib
INFO: [VRFC 10-311] analyzing module control
INFO: [VRFC 10-2263] Analyzing Verilog file "C:/Users/Administrator/Desktop/tjx_riscv_2021_07_07/mini-rv-1_-design/ex2/lab2/lab2.srcs/sources_1/new/irom.v" into library xil_defaultlib
INFO: [VRFC 10-311] analyzing module irom
INFO: [VRFC 10-2263] Analyzing Verilog file "C:/Users/Administrator/Desktop/tjx_riscv_2021_07_07/mini-rv-1_-design/ex2/lab2/lab2.srcs/sources_1/new/memram.v" into library xil_defaultlib
INFO: [VRFC 10-311] analyzing module memram
INFO: [VRFC 10-2263] Analyzing Verilog file "C:/Users/Administrator/Desktop/tjx_riscv_2021_07_07/mini-rv-1_-design/ex2/lab2/lab2.srcs/sources_1/new/npc.v" into library xil_defaultlib
INFO: [VRFC 10-311] analyzing module npc
INFO: [VRFC 10-2263] Analyzing Verilog file "C:/Users/Administrator/Desktop/tjx_riscv_2021_07_07/mini-rv-1_-design/ex2/lab2/lab2.srcs/sources_1/new/pc.v" into library xil_defaultlib
INFO: [VRFC 10-311] analyzing module pc
INFO: [VRFC 10-2263] Analyzing Verilog file "C:/Users/Administrator/Desktop/tjx_riscv_2021_07_07/mini-rv-1_-design/ex2/lab2/lab2.srcs/sources_1/new/rf.v" into library xil_defaultlib
INFO: [VRFC 10-311] analyzing module rf
INFO: [VRFC 10-2263] Analyzing Verilog file "C:/Users/Administrator/Desktop/tjx_riscv_2021_07_07/mini-rv-1_-design/ex2/lab2/lab2.srcs/sources_1/new/sext.v" into library xil_defaultlib
INFO: [VRFC 10-311] analyzing module sext
INFO: [VRFC 10-2263] Analyzing Verilog file "C:/Users/Administrator/Desktop/tjx_riscv_2021_07_07/mini-rv-1_-design/ex2/lab2/lab2.srcs/sources_1/new/sext_neg.v" into library xil_defaultlib
INFO: [VRFC 10-311] analyzing module sext_neg
INFO: [VRFC 10-2263] Analyzing Verilog file "C:/Users/Administrator/Desktop/tjx_riscv_2021_07_07/mini-rv-1_-design/ex2/lab2/lab2.srcs/sources_1/new/sext_pos.v" into library xil_defaultlib
INFO: [VRFC 10-311] analyzing module sext_pos
INFO: [VRFC 10-2263] Analyzing Verilog file "C:/Users/Administrator/Desktop/tjx_riscv_2021_07_07/mini-rv-1_-design/ex2/lab2/lab2.srcs/sources_1/new/top.v" into library xil_defaultlib
INFO: [VRFC 10-311] analyzing module top
INFO: [VRFC 10-2263] Analyzing Verilog file "C:/Users/Administrator/Desktop/tjx_riscv_2021_07_07/mini-rv-1_-design/ex2/lab2/lab2.srcs/sim_1/new/top_sim.v" into library xil_defaultlib
INFO: [VRFC 10-311] analyzing module top_sim
