Copyright 1986-2018 Xilinx, Inc. All Rights Reserved.
------------------------------------------------------------------------------------
| Tool Version : Vivado v.2018.3 (win64) Build 2405991 Thu Dec  6 23:38:27 MST 2018
| Date         : Wed Jul 14 11:46:36 2021
| Host         : 612-02 running 64-bit major release  (build 9200)
| Command      : report_control_sets -verbose -file top_control_sets_placed.rpt
| Design       : top
| Device       : xc7a100t
------------------------------------------------------------------------------------

Control Set Information

Table of Contents
-----------------
1. Summary
2. Histogram
3. Flip-Flop Distribution
4. Detailed Control Set Information

1. Summary
----------

+----------------------------------------------------------+-------+
|                          Status                          | Count |
+----------------------------------------------------------+-------+
| Number of unique control sets                            |    78 |
| Unused register locations in slices containing registers |    23 |
+----------------------------------------------------------+-------+


2. Histogram
------------

+--------+--------------+
| Fanout | Control Sets |
+--------+--------------+
|      8 |            1 |
|    16+ |           77 |
+--------+--------------+


3. Flip-Flop Distribution
-------------------------

+--------------+-----------------------+------------------------+-----------------+--------------+
| Clock Enable | Synchronous Set/Reset | Asynchronous Set/Reset | Total Registers | Total Slices |
+--------------+-----------------------+------------------------+-----------------+--------------+
| No           | No                    | No                     |              84 |           55 |
| No           | No                    | Yes                    |              69 |           22 |
| No           | Yes                   | No                     |              24 |           13 |
| Yes          | No                    | No                     |               0 |            0 |
| Yes          | No                    | Yes                    |             224 |          141 |
| Yes          | Yes                   | No                     |               0 |            0 |
+--------------+-----------------------+------------------------+-----------------+--------------+


4. Detailed Control Set Information
-----------------------------------

+---------------------------------------+----------------------------------------------------------------------------------------------------------+------------------+------------------+----------------+
|              Clock Signal             |                                               Enable Signal                                              | Set/Reset Signal | Slice Load Count | Bel Load Count |
+---------------------------------------+----------------------------------------------------------------------------------------------------------+------------------+------------------+----------------+
|  U_cpu_0/U_rf_0/E[0]                  |                                                                                                          | rst_IBUF         |                4 |              8 |
|  U_cpu_0/U_rf_0/lt_high_reg[7]_i_4[0] |                                                                                                          | rst_IBUF         |                9 |             16 |
|  U_divider_0/clk_disp_reg_0           |                                                                                                          | rst_IBUF         |                3 |             18 |
|  clk_IBUF                             |                                                                                                          | rst_IBUF         |                4 |             18 |
|  U_memram_0/ram_clk                   |                                                                                                          |                  |               30 |             32 |
|  clk_cpu_BUFG                         | U_irom_0/bbstub_spo[8][0]                                                                                | rst_IBUF         |               22 |             32 |
|  clk_cpu_BUFG                         | U_irom_0/bbstub_spo[10]_0[0]                                                                             | rst_IBUF         |               19 |             32 |
|  clk_cpu_BUFG                         | U_irom_0/bbstub_spo[7]_2[0]                                                                              | rst_IBUF         |               20 |             32 |
|  clk_cpu_BUFG                         | U_irom_0/bbstub_spo[7]_0[0]                                                                              | rst_IBUF         |               19 |             32 |
|  clk_cpu_BUFG                         | U_irom_0/bbstub_spo[8]_1[0]                                                                              | rst_IBUF         |               19 |             32 |
|  clk_cpu_BUFG                         | U_irom_0/bbstub_spo[9]_0[0]                                                                              | rst_IBUF         |               21 |             32 |
|  clk_cpu_BUFG                         | U_irom_0/bbstub_spo[7][0]                                                                                | rst_IBUF         |               21 |             32 |
|  clk_cpu_BUFG                         |                                                                                                          | rst_IBUF         |               15 |             33 |
|  n_0_86_BUFG                          |                                                                                                          |                  |               25 |             52 |
|  U_memram_0/ram_clk                   | U_memram_0/U_dram_0/U0/synth_options.dist_mem_inst/gen_sp_ram.spram_inst/ram_reg_10752_11007_0_0_i_1_n_0 |                  |               32 |            128 |
|  U_memram_0/ram_clk                   | U_memram_0/U_dram_0/U0/synth_options.dist_mem_inst/gen_sp_ram.spram_inst/ram_reg_10496_10751_0_0_i_1_n_0 |                  |               32 |            128 |
|  U_memram_0/ram_clk                   | U_memram_0/U_dram_0/U0/synth_options.dist_mem_inst/gen_sp_ram.spram_inst/ram_reg_12288_12543_0_0_i_1_n_0 |                  |               32 |            128 |
|  U_memram_0/ram_clk                   | U_memram_0/U_dram_0/U0/synth_options.dist_mem_inst/gen_sp_ram.spram_inst/ram_reg_12544_12799_0_0_i_1_n_0 |                  |               32 |            128 |
|  U_memram_0/ram_clk                   | U_memram_0/U_dram_0/U0/synth_options.dist_mem_inst/gen_sp_ram.spram_inst/ram_reg_12800_13055_0_0_i_1_n_0 |                  |               32 |            128 |
|  U_memram_0/ram_clk                   | U_memram_0/U_dram_0/U0/synth_options.dist_mem_inst/gen_sp_ram.spram_inst/ram_reg_14336_14591_0_0_i_1_n_0 |                  |               32 |            128 |
|  U_memram_0/ram_clk                   | U_memram_0/U_dram_0/U0/synth_options.dist_mem_inst/gen_sp_ram.spram_inst/ram_reg_14592_14847_0_0_i_1_n_0 |                  |               32 |            128 |
|  U_memram_0/ram_clk                   | U_memram_0/U_dram_0/U0/synth_options.dist_mem_inst/gen_sp_ram.spram_inst/ram_reg_13312_13567_0_0_i_1_n_0 |                  |               32 |            128 |
|  U_memram_0/ram_clk                   | U_memram_0/U_dram_0/U0/synth_options.dist_mem_inst/gen_sp_ram.spram_inst/ram_reg_13568_13823_0_0_i_1_n_0 |                  |               32 |            128 |
|  U_memram_0/ram_clk                   | U_memram_0/U_dram_0/U0/synth_options.dist_mem_inst/gen_sp_ram.spram_inst/ram_reg_14080_14335_0_0_i_1_n_0 |                  |               32 |            128 |
|  U_memram_0/ram_clk                   | U_memram_0/U_dram_0/U0/synth_options.dist_mem_inst/gen_sp_ram.spram_inst/ram_reg_14848_15103_0_0_i_1_n_0 |                  |               32 |            128 |
|  U_memram_0/ram_clk                   | U_memram_0/U_dram_0/U0/synth_options.dist_mem_inst/gen_sp_ram.spram_inst/ram_reg_15104_15359_0_0_i_1_n_0 |                  |               32 |            128 |
|  U_memram_0/ram_clk                   | U_memram_0/U_dram_0/U0/synth_options.dist_mem_inst/gen_sp_ram.spram_inst/ram_reg_15360_15615_0_0_i_1_n_0 |                  |               32 |            128 |
|  U_memram_0/ram_clk                   | U_memram_0/U_dram_0/U0/synth_options.dist_mem_inst/gen_sp_ram.spram_inst/ram_reg_1536_1791_0_0_i_1_n_0   |                  |               32 |            128 |
|  U_memram_0/ram_clk                   | U_memram_0/U_dram_0/U0/synth_options.dist_mem_inst/gen_sp_ram.spram_inst/ram_reg_15872_16127_0_0_i_1_n_0 |                  |               32 |            128 |
|  U_memram_0/ram_clk                   | U_memram_0/U_dram_0/U0/synth_options.dist_mem_inst/gen_sp_ram.spram_inst/ram_reg_15616_15871_0_0_i_1_n_0 |                  |               32 |            128 |
|  U_memram_0/ram_clk                   | U_memram_0/U_dram_0/U0/synth_options.dist_mem_inst/gen_sp_ram.spram_inst/ram_reg_16128_16383_0_0_i_1_n_0 |                  |               32 |            128 |
|  U_memram_0/ram_clk                   | U_memram_0/U_dram_0/U0/synth_options.dist_mem_inst/gen_sp_ram.spram_inst/ram_reg_1792_2047_0_0_i_1_n_0   |                  |               32 |            128 |
|  U_memram_0/ram_clk                   | U_memram_0/U_dram_0/U0/synth_options.dist_mem_inst/gen_sp_ram.spram_inst/ram_reg_2304_2559_0_0_i_1_n_0   |                  |               32 |            128 |
|  U_memram_0/ram_clk                   | U_memram_0/U_dram_0/U0/synth_options.dist_mem_inst/gen_sp_ram.spram_inst/ram_reg_2048_2303_0_0_i_1_n_0   |                  |               32 |            128 |
|  U_memram_0/ram_clk                   | U_memram_0/U_dram_0/U0/synth_options.dist_mem_inst/gen_sp_ram.spram_inst/ram_reg_2560_2815_0_0_i_1_n_0   |                  |               32 |            128 |
|  U_memram_0/ram_clk                   | U_memram_0/U_dram_0/U0/synth_options.dist_mem_inst/gen_sp_ram.spram_inst/ram_reg_256_511_0_0_i_1_n_0     |                  |               32 |            128 |
|  U_memram_0/ram_clk                   | U_memram_0/U_dram_0/U0/synth_options.dist_mem_inst/gen_sp_ram.spram_inst/ram_reg_3072_3327_0_0_i_1_n_0   |                  |               32 |            128 |
|  U_memram_0/ram_clk                   | U_memram_0/U_dram_0/U0/synth_options.dist_mem_inst/gen_sp_ram.spram_inst/ram_reg_2816_3071_0_0_i_1_n_0   |                  |               32 |            128 |
|  U_memram_0/ram_clk                   | U_memram_0/U_dram_0/U0/synth_options.dist_mem_inst/gen_sp_ram.spram_inst/ram_reg_3584_3839_0_0_i_1_n_0   |                  |               32 |            128 |
|  U_memram_0/ram_clk                   | U_memram_0/U_dram_0/U0/synth_options.dist_mem_inst/gen_sp_ram.spram_inst/ram_reg_0_255_0_0_i_1_n_0       |                  |               32 |            128 |
|  U_memram_0/ram_clk                   | U_memram_0/U_dram_0/U0/synth_options.dist_mem_inst/gen_sp_ram.spram_inst/ram_reg_3840_4095_0_0_i_1_n_0   |                  |               32 |            128 |
|  U_memram_0/ram_clk                   | U_memram_0/U_dram_0/U0/synth_options.dist_mem_inst/gen_sp_ram.spram_inst/ram_reg_4352_4607_0_0_i_1_n_0   |                  |               32 |            128 |
|  U_memram_0/ram_clk                   | U_memram_0/U_dram_0/U0/synth_options.dist_mem_inst/gen_sp_ram.spram_inst/ram_reg_4096_4351_0_0_i_1_n_0   |                  |               32 |            128 |
|  U_memram_0/ram_clk                   | U_memram_0/U_dram_0/U0/synth_options.dist_mem_inst/gen_sp_ram.spram_inst/ram_reg_4608_4863_0_0_i_1_n_0   |                  |               32 |            128 |
|  U_memram_0/ram_clk                   | U_memram_0/U_dram_0/U0/synth_options.dist_mem_inst/gen_sp_ram.spram_inst/ram_reg_4864_5119_0_0_i_1_n_0   |                  |               32 |            128 |
|  U_memram_0/ram_clk                   | U_memram_0/U_dram_0/U0/synth_options.dist_mem_inst/gen_sp_ram.spram_inst/ram_reg_512_767_0_0_i_1_n_0     |                  |               32 |            128 |
|  U_memram_0/ram_clk                   | U_memram_0/U_dram_0/U0/synth_options.dist_mem_inst/gen_sp_ram.spram_inst/ram_reg_5120_5375_0_0_i_1_n_0   |                  |               32 |            128 |
|  U_memram_0/ram_clk                   | U_memram_0/U_dram_0/U0/synth_options.dist_mem_inst/gen_sp_ram.spram_inst/ram_reg_5376_5631_0_0_i_1_n_0   |                  |               32 |            128 |
|  U_memram_0/ram_clk                   | U_memram_0/U_dram_0/U0/synth_options.dist_mem_inst/gen_sp_ram.spram_inst/ram_reg_5632_5887_0_0_i_1_n_0   |                  |               32 |            128 |
|  U_memram_0/ram_clk                   | U_memram_0/U_dram_0/U0/synth_options.dist_mem_inst/gen_sp_ram.spram_inst/ram_reg_6144_6399_0_0_i_1_n_0   |                  |               32 |            128 |
|  U_memram_0/ram_clk                   | U_memram_0/U_dram_0/U0/synth_options.dist_mem_inst/gen_sp_ram.spram_inst/ram_reg_5888_6143_0_0_i_1_n_0   |                  |               32 |            128 |
|  U_memram_0/ram_clk                   | U_memram_0/U_dram_0/U0/synth_options.dist_mem_inst/gen_sp_ram.spram_inst/ram_reg_6656_6911_0_0_i_1_n_0   |                  |               32 |            128 |
|  U_memram_0/ram_clk                   | U_memram_0/U_dram_0/U0/synth_options.dist_mem_inst/gen_sp_ram.spram_inst/ram_reg_6400_6655_0_0_i_1_n_0   |                  |               32 |            128 |
|  U_memram_0/ram_clk                   | U_memram_0/U_dram_0/U0/synth_options.dist_mem_inst/gen_sp_ram.spram_inst/ram_reg_6912_7167_0_0_i_1_n_0   |                  |               32 |            128 |
|  U_memram_0/ram_clk                   | U_memram_0/U_dram_0/U0/synth_options.dist_mem_inst/gen_sp_ram.spram_inst/ram_reg_7168_7423_0_0_i_1_n_0   |                  |               32 |            128 |
|  U_memram_0/ram_clk                   | U_memram_0/U_dram_0/U0/synth_options.dist_mem_inst/gen_sp_ram.spram_inst/ram_reg_7424_7679_0_0_i_1_n_0   |                  |               32 |            128 |
|  U_memram_0/ram_clk                   | U_memram_0/U_dram_0/U0/synth_options.dist_mem_inst/gen_sp_ram.spram_inst/ram_reg_7680_7935_0_0_i_1_n_0   |                  |               32 |            128 |
|  U_memram_0/ram_clk                   | U_memram_0/U_dram_0/U0/synth_options.dist_mem_inst/gen_sp_ram.spram_inst/ram_reg_7936_8191_0_0_i_1_n_0   |                  |               32 |            128 |
|  U_memram_0/ram_clk                   | U_memram_0/U_dram_0/U0/synth_options.dist_mem_inst/gen_sp_ram.spram_inst/ram_reg_768_1023_0_0_i_1_n_0    |                  |               32 |            128 |
|  U_memram_0/ram_clk                   | U_memram_0/U_dram_0/U0/synth_options.dist_mem_inst/gen_sp_ram.spram_inst/ram_reg_11520_11775_0_0_i_1_n_0 |                  |               32 |            128 |
|  U_memram_0/ram_clk                   | U_memram_0/U_dram_0/U0/synth_options.dist_mem_inst/gen_sp_ram.spram_inst/ram_reg_8448_8703_0_0_i_1_n_0   |                  |               32 |            128 |
|  U_memram_0/ram_clk                   | U_memram_0/U_dram_0/U0/synth_options.dist_mem_inst/gen_sp_ram.spram_inst/ram_reg_8960_9215_0_0_i_1_n_0   |                  |               32 |            128 |
|  U_memram_0/ram_clk                   | U_memram_0/U_dram_0/U0/synth_options.dist_mem_inst/gen_sp_ram.spram_inst/ram_reg_8704_8959_0_0_i_1_n_0   |                  |               32 |            128 |
|  U_memram_0/ram_clk                   | U_memram_0/U_dram_0/U0/synth_options.dist_mem_inst/gen_sp_ram.spram_inst/ram_reg_9216_9471_0_0_i_1_n_0   |                  |               32 |            128 |
|  U_memram_0/ram_clk                   | U_memram_0/U_dram_0/U0/synth_options.dist_mem_inst/gen_sp_ram.spram_inst/ram_reg_9472_9727_0_0_i_1_n_0   |                  |               32 |            128 |
|  U_memram_0/ram_clk                   | U_memram_0/U_dram_0/U0/synth_options.dist_mem_inst/gen_sp_ram.spram_inst/ram_reg_9728_9983_0_0_i_1_n_0   |                  |               32 |            128 |
|  U_memram_0/ram_clk                   | U_memram_0/U_dram_0/U0/synth_options.dist_mem_inst/gen_sp_ram.spram_inst/ram_reg_9984_10239_0_0_i_1_n_0  |                  |               32 |            128 |
|  U_memram_0/ram_clk                   | U_memram_0/U_dram_0/U0/synth_options.dist_mem_inst/gen_sp_ram.spram_inst/ram_reg_13824_14079_0_0_i_1_n_0 |                  |               32 |            128 |
|  U_memram_0/ram_clk                   | U_memram_0/U_dram_0/U0/synth_options.dist_mem_inst/gen_sp_ram.spram_inst/ram_reg_3328_3583_0_0_i_1_n_0   |                  |               32 |            128 |
|  U_memram_0/ram_clk                   | U_memram_0/U_dram_0/U0/synth_options.dist_mem_inst/gen_sp_ram.spram_inst/ram_reg_11776_12031_0_0_i_1_n_0 |                  |               32 |            128 |
|  U_memram_0/ram_clk                   | U_memram_0/U_dram_0/U0/synth_options.dist_mem_inst/gen_sp_ram.spram_inst/ram_reg_12032_12287_0_0_i_1_n_0 |                  |               32 |            128 |
|  U_memram_0/ram_clk                   | U_memram_0/U_dram_0/U0/synth_options.dist_mem_inst/gen_sp_ram.spram_inst/ram_reg_1024_1279_0_0_i_1_n_0   |                  |               32 |            128 |
|  U_memram_0/ram_clk                   | U_memram_0/U_dram_0/U0/synth_options.dist_mem_inst/gen_sp_ram.spram_inst/ram_reg_10240_10495_0_0_i_1_n_0 |                  |               32 |            128 |
|  U_memram_0/ram_clk                   | U_memram_0/U_dram_0/U0/synth_options.dist_mem_inst/gen_sp_ram.spram_inst/ram_reg_13056_13311_0_0_i_1_n_0 |                  |               32 |            128 |
|  U_memram_0/ram_clk                   | U_memram_0/U_dram_0/U0/synth_options.dist_mem_inst/gen_sp_ram.spram_inst/ram_reg_1280_1535_0_0_i_1_n_0   |                  |               32 |            128 |
|  U_memram_0/ram_clk                   | U_memram_0/U_dram_0/U0/synth_options.dist_mem_inst/gen_sp_ram.spram_inst/ram_reg_11008_11263_0_0_i_1_n_0 |                  |               32 |            128 |
|  U_memram_0/ram_clk                   | U_memram_0/U_dram_0/U0/synth_options.dist_mem_inst/gen_sp_ram.spram_inst/ram_reg_11264_11519_0_0_i_1_n_0 |                  |               32 |            128 |
|  U_memram_0/ram_clk                   | U_memram_0/U_dram_0/U0/synth_options.dist_mem_inst/gen_sp_ram.spram_inst/ram_reg_8192_8447_0_0_i_1_n_0   |                  |               32 |            128 |
+---------------------------------------+----------------------------------------------------------------------------------------------------------+------------------+------------------+----------------+


