Copyright 1986-2018 Xilinx, Inc. All Rights Reserved.
---------------------------------------------------------------------------------------------------
| Tool Version : Vivado v.2018.3 (win64) Build 2405991 Thu Dec  6 23:38:27 MST 2018
| Date         : Wed Jul 14 11:48:41 2021
| Host         : 612-02 running 64-bit major release  (build 9200)
| Command      : report_drc -file top_drc_routed.rpt -pb top_drc_routed.pb -rpx top_drc_routed.rpx
| Design       : top
| Device       : xc7a100tfgg484-1
| Speed File   : -1
| Design State : Fully Routed
---------------------------------------------------------------------------------------------------

Report DRC

Table of Contents
-----------------
1. REPORT SUMMARY
2. REPORT DETAILS

1. REPORT SUMMARY
-----------------
            Netlist: netlist
          Floorplan: design_1
      Design limits: <entire design considered>
           Ruledeck: default
             Max violations: <unlimited>
             Violations found: 5
+-------------+----------+-------------------------------------------------------------+------------+
| Rule        | Severity | Description                                                 | Violations |
+-------------+----------+-------------------------------------------------------------+------------+
| CFGBVS-1    | Warning  | Missing CFGBVS and CONFIG_VOLTAGE Design Properties         | 1          |
| PDRC-153    | Warning  | Gated clock check                                           | 3          |
| PLHOLDVIO-2 | Warning  | Non-Optimal connections which could lead to hold violations | 1          |
+-------------+----------+-------------------------------------------------------------+------------+

2. REPORT DETAILS
-----------------
CFGBVS-1#1 Warning
Missing CFGBVS and CONFIG_VOLTAGE Design Properties  
Neither the CFGBVS nor CONFIG_VOLTAGE voltage property is set in the current_design.  Configuration bank voltage select (CFGBVS) must be set to VCCO or GND, and CONFIG_VOLTAGE must be set to the correct configuration voltage, in order to determine the I/O voltage support for the pins in bank 0.  It is suggested to specify these either using the 'Edit Device Properties' function in the GUI or directly in the XDC file using the following syntax:

 set_property CFGBVS value1 [current_design]
 #where value1 is either VCCO or GND

 set_property CONFIG_VOLTAGE value2 [current_design]
 #where value2 is the voltage provided to configuration bank 0

Refer to the device configuration user guide for more information.
Related violations: <none>

PDRC-153#1 Warning
Gated clock check  
Net U_cpu_0/U_rf_0/E[0] is a gated clock net sourced by a combinational pin U_cpu_0/U_rf_0/lt_high_reg[7]_i_1/O, cell U_cpu_0/U_rf_0/lt_high_reg[7]_i_1. This is not good design practice and will likely impact performance. For SLICE registers, for example, use the CE pin to control the loading of data.
Related violations: <none>

PDRC-153#2 Warning
Gated clock check  
Net U_cpu_0/U_rf_0/lt_high_reg[7]_i_4[0] is a gated clock net sourced by a combinational pin U_cpu_0/U_rf_0/lt_low_reg[15]_i_1/O, cell U_cpu_0/U_rf_0/lt_low_reg[15]_i_1. This is not good design practice and will likely impact performance. For SLICE registers, for example, use the CE pin to control the loading of data.
Related violations: <none>

PDRC-153#3 Warning
Gated clock check  
Net U_memram_0/ram_clk is a gated clock net sourced by a combinational pin U_memram_0/U_dram_0_i_47/O, cell U_memram_0/U_dram_0_i_47. This is not good design practice and will likely impact performance. For SLICE registers, for example, use the CE pin to control the loading of data.
Related violations: <none>

PLHOLDVIO-2#1 Warning
Non-Optimal connections which could lead to hold violations  
A LUT U_memram_0/U_dram_0_i_47 is driving clock pin of 8224 cells. This could lead to large hold time violations. Involved cells are:
U_memram_0/U_dram_0/U0/synth_options.dist_mem_inst/gen_sp_ram.spram_inst/qspo_int_reg[0], U_memram_0/U_dram_0/U0/synth_options.dist_mem_inst/gen_sp_ram.spram_inst/qspo_int_reg[10], U_memram_0/U_dram_0/U0/synth_options.dist_mem_inst/gen_sp_ram.spram_inst/qspo_int_reg[11], U_memram_0/U_dram_0/U0/synth_options.dist_mem_inst/gen_sp_ram.spram_inst/qspo_int_reg[12], U_memram_0/U_dram_0/U0/synth_options.dist_mem_inst/gen_sp_ram.spram_inst/qspo_int_reg[13], U_memram_0/U_dram_0/U0/synth_options.dist_mem_inst/gen_sp_ram.spram_inst/qspo_int_reg[14], U_memram_0/U_dram_0/U0/synth_options.dist_mem_inst/gen_sp_ram.spram_inst/qspo_int_reg[15], U_memram_0/U_dram_0/U0/synth_options.dist_mem_inst/gen_sp_ram.spram_inst/qspo_int_reg[16], U_memram_0/U_dram_0/U0/synth_options.dist_mem_inst/gen_sp_ram.spram_inst/qspo_int_reg[17], U_memram_0/U_dram_0/U0/synth_options.dist_mem_inst/gen_sp_ram.spram_inst/qspo_int_reg[18], U_memram_0/U_dram_0/U0/synth_options.dist_mem_inst/gen_sp_ram.spram_inst/qspo_int_reg[19], U_memram_0/U_dram_0/U0/synth_options.dist_mem_inst/gen_sp_ram.spram_inst/qspo_int_reg[1], U_memram_0/U_dram_0/U0/synth_options.dist_mem_inst/gen_sp_ram.spram_inst/qspo_int_reg[20], U_memram_0/U_dram_0/U0/synth_options.dist_mem_inst/gen_sp_ram.spram_inst/qspo_int_reg[21], U_memram_0/U_dram_0/U0/synth_options.dist_mem_inst/gen_sp_ram.spram_inst/qspo_int_reg[22] (the first 15 of 8224 listed)
Related violations: <none>


